"D:\CLion 2018.2.5\bin\cmake\win\bin\cmake.exe" -DCMAKE_BUILD_TYPE=Debug -G "CodeBlocks - MinGW Makefiles" F:\桌面\CodeTraining\ProgramLessons\DataStructureAndAlgorithm\Lab1
-- The C compiler identification is GNU 7.3.0
-- Check for working C compiler: D:/MinGW-w64/mingw64/bin/gcc.exe
-- Check for working C compiler: D:/MinGW-w64/mingw64/bin/gcc.exe -- broken
CMake Error at D:/CLion 2018.2.5/bin/cmake/win/share/cmake-3.12/Modules/CMakeTestCCompiler.cmake:52 (message):
  The C compiler

    "D:/MinGW-w64/mingw64/bin/gcc.exe"

  is not able to compile a simple test program.

  It fails with the following output:

    Change Dir: F:/妗岄潰/CodeTraining/ProgramLessons/DataStructureAndAlgorithm/Lab1/cmake-build-debug/CMakeFiles/CMakeTmp
    
    Run Build Command:"D:/MinGW-w64/mingw64/bin/mingw32-make.exe" "cmTC_85a02/fast"
    D:/MinGW-w64/mingw64/bin/mingw32-make.exe -f CMakeFiles\cmTC_85a02.dir\build.make CMakeFiles/cmTC_85a02.dir/build
    mingw32-make.exe[1]: Entering directory 'F:/妗岄潰/CodeTraining/ProgramLessons/DataStructureAndAlgorithm/Lab1/cmake-build-debug/CMakeFiles/CMakeTmp'
    Building C object CMakeFiles/cmTC_85a02.dir/testCCompiler.c.obj
    D:\MinGW-w64\mingw64\bin\gcc.exe    -o CMakeFiles\cmTC_85a02.dir\testCCompiler.c.obj   -c F:\濡楀矂娼癨CodeTraining\ProgramLessons\DataStructureAndAlgorithm\Lab1\cmake-build-debug\CMakeFiles\CMakeTmp\testCCompiler.c
    gcc.exe: error: F:\濡楀矂娼癨CodeTraining\ProgramLessons\DataStructureAndAlgorithm\Lab1\cmake-build-debug\CMakeFiles\CMakeTmp\testCCompiler.c: No such file or directory
    gcc.exe: fatal error: no input files
    compilation terminated.
    mingw32-make.exe[1]: *** [CMakeFiles\cmTC_85a02.dir\build.make:65: CMakeFiles/cmTC_85a02.dir/testCCompiler.c.obj] Error 1
    mingw32-make.exe[1]: Leaving directory 'F:/妗岄潰/CodeTraining/ProgramLessons/DataStructureAndAlgorithm/Lab1/cmake-build-debug/CMakeFiles/CMakeTmp'
    mingw32-make.exe: *** [Makefile:120: cmTC_85a02/fast] Error 2
    

  

  CMake will not be able to correctly generate this project.
Call Stack (most recent call first):
  CMakeLists.txt:2 (project)


-- Configuring incomplete, errors occurred!
See also "F:/妗岄潰/CodeTraining/ProgramLessons/DataStructureAndAlgorithm/Lab1/cmake-build-debug/CMakeFiles/CMakeOutput.log".
See also "F:/妗岄潰/CodeTraining/ProgramLessons/DataStructureAndAlgorithm/Lab1/cmake-build-debug/CMakeFiles/CMakeError.log".
